1660745067924:g
1660745071475:help
1660745077222:version
1660745087807:script
1660745093655:l
1660749638204:gencode
1660749642155:g com.sgcc
1660749647517:g op-ordersrv
1660749656486:g order
1660749662471:g 0
1660749674567:g com.only4play.order
1660749736094:gencode
1660749750920:help
1660749818463:gencode
1660749823945:g com.only4play
1660749832043:g op-ordersrv
1660749846091:g op-coresrv
1660749855123:g 1
1660749862486:g com.only4play.order
1660749898028:gencode
1660749902642:g com.only4play
1660749906973:g op-ordersrv
1660749917435:g 0
1660749923739:g com.only4play.order
1660776975274:gencode
1660776981524:g com.only4play
1660776987459:g op-order-center
1660777003411:g 1
1660777009630:g com.only4play.order
1660778712244:gencode
1660778714309:g co
1660778716339:g d
1660778718216:g c
1660779070811:g
1660779075601:help
1660779099250:exit
